<?xml version="1.0" encoding="UTF-8"?>
<!-- Generated by org.testng.reporters.JUnitReportReporter -->
<testsuite hostname="DESKTOP-V8RC5B7" failures="0" tests="2" name="selemvn.SeleSampleApp" time="6.985" errors="0" timestamp="2025-05-09T11:36:20 GMT-05:00" skipped="0">
  <testcase classname="selemvn.SeleSampleApp" name="launchDocumentation" time="3.438"/>
  <testcase classname="selemvn.SeleSampleApp" name="launchWebDriver" time="3.547"/>
</testsuite> <!-- selemvn.SeleSampleApp -->
